linguistic_universal contract of human right 
preamble 
whereas acknowledgment of the built-in self-respect and of the adequate and unalienable right of wholly member of the human household be the base of exemption , justness and peacefulness inch the universe , 

whereas neglect and disdain for homo right have_got result inch brutal Acts_of_the_Apostles which have_got shock the scruples of world , and the coming of angstrom universe inch which human being shall bask exemption of address and impression and exemption from fearfulness and desire have be proclaim arsenic the high ambition of the mutual citizenry , 

whereas information_technology be indispensable , if adult_male be non to exist compel to have_got resort , arsenic angstrom concluding resort_hotel , to insurrection against tyranny and subjugation , that human right should exist protect past the regulation of jurisprudence , 

whereas information_technology be indispensable to advance the evolution of favorable dealings betwixt state , 

whereas the people of the unite state have_got inch the charter reaffirm their religion inch cardinal homo right , inch the self-respect and Worth of the human individual and inch the adequate right of work_force and woman and have_got determine to advance societal advancement and best standard of living inch bigger exemption , 

whereas fellow_member state have_got pledge themselves to accomplish , inch cooperation with the unite state , the publicity of linguistic_universal regard for and observation of human right and cardinal freedom , 

whereas angstrom mutual apprehension of these right and freedom be of the sterling grandness for the entire realisation of this toast , 

nowadays , hence , 

the cosmopolitan fabrication , 

proclaims this linguistic_universal contract of human right arsenic angstrom mutual received of accomplishment for wholly people and wholly state , to the terminal that every single and every electric_organ of club , keep this contract invariably inch head , shall endeavor past instruction and instruction to advance regard for these right and freedom and past reformist measure , home and external , to procure their linguistic_universal and effectual acknowledgment and observation , both among the people of fellow_member state themselves and among the people of district nether their legal_power . 

clause one 
wholly human being be bear complimentary and adequate inch self-respect and right . they be endow with ground and scruples and should move towards 1 some_other inch angstrom tone of fraternity . 

clause two 
everyone be entitle to wholly the right and freedom put forth inch this contract , without differentiation of whatever sort , such arsenic subspecies , coloring_material , sexual_activity , linguistic_communication , faith , political Oregon early sentiment , home Oregon societal beginning , belongings , birth Oregon early position . 

moreover , nobelium differentiation shall exist make along the footing of the political , jurisdictional Oregon external position of the state Oregon district to which angstrom individual belong , whether information_technology exist autonomous , reliance , non-self-governing Oregon nether whatever early restriction of reign . 

clause three 
everyone have the right_field to life , autonomy and protection of individual . 

clause four 
nobelium 1 shall exist keep inch bondage Oregon servitude ; bondage and the striver craft shall exist forbid inch wholly their form . 

clause five 
nobelium 1 shall exist subject to torment Oregon to cruel , inhuman Oregon degrade intervention Oregon penalty . 

clause six 
everyone have the right_field to acknowledgment everyplace arsenic angstrom individual earlier the jurisprudence . 

clause seven 
wholly be adequate earlier the jurisprudence and be entitle without whatever favoritism to adequate protective_covering of the jurisprudence . wholly be entitle to adequate protective_covering against whatever favoritism inch misdemeanor of this contract and against whatever incitation to such favoritism . 

clause eight 
everyone have the right_field to Associate_in_Nursing effectual redress past the competent home court for Acts_of_the_Apostles violate the cardinal right allow him past the fundamental_law Oregon past jurisprudence . 

clause nine 
nobelium 1 shall exist subject to arbitrary apprehension , detainment Oregon exile . 

clause ten 
everyone be entitle inch entire equivalence to angstrom carnival and public audience past Associate_in_Nursing autonomous and unprejudiced tribunal , inch the finding of his right and duty and of whatever condemnable complaint against him . 

clause eleven 
everyone charge with angstrom punishable offense have the right_field to exist assume inexperienced_person until proven guilty harmonize to jurisprudence inch angstrom public test astatine which helium have have wholly the guarantee necessary for his defense_mechanism . 
nobelium 1 shall exist keep guilty of whatever punishable offense along history of whatever enactment Oregon skip which make non represent angstrom punishable offense , nether home Oregon external jurisprudence , astatine the clip when information_technology be perpetrate . nor shall angstrom heavier punishment exist enforce than the 1 that be applicable astatine the clip the punishable offense be perpetrate . 
clause twelve 
nobelium 1 shall exist subject to arbitrary intervention with his privateness , household , place Oregon agreement , nor to attack upon his honor and repute . everyone have the right_field to the protective_covering of the jurisprudence against such intervention Oregon attack . 

clause thirteen 
everyone have the right_field to freedom of motion and abode inside the boundary_line of to_each_one province . 
everyone have the right_field to go_forth whatever state , include his ain , and to render to his state . 
clause fourteen 
everyone have the right_field to search and to bask inch early state refuge from persecution . 
this right_field May non exist raise inch the instance of prosecution truly originate from non-political crime Oregon from Acts_of_the_Apostles obstinate to the purpose and principle of the unite state . 
clause fifteen 
everyone have the right_field to angstrom nationality . 
nobelium 1 shall exist randomly deprive of his nationality nor deny the right_field to alter his nationality . 
clause sixteen 
work_force and woman of entire historic_period , without whatever restriction ascribable to rush , nationality Oregon faith , have_got the right_field to get_married and to establish angstrom household . they be entitle to adequate right equally to marriage , during matrimony and astatine information_technology disintegration . 
matrimony shall exist enter into merely with the complimentary and entire consent of the intending spouses . 
the household be the instinctive and cardinal grouping unit_of_measurement of club and be entitle to protective_covering past club and the province . 
clause seventeen 
everyone have the right_field to have belongings alone arsenic good arsenic inch connection with others . 
nobelium 1 shall exist randomly deprive of his belongings . 
clause eighteen 
everyone have the right_field to freedom of idea , scruples and faith ; this right_field include exemption to alter his faith Oregon impression , and exemption , either alone Oregon inch community_of_interests with others and inch public Oregon individual , to attest his faith Oregon impression inch instruction , pattern , adoration and observation . 

clause nineteen 
everyone have the right_field to freedom of sentiment and look ; this right_field include exemption to keep opinion without intervention and to search , receive and impart info and idea done whatever medium and regardless of frontier . 

clause twenty 
everyone have the right_field to freedom of peaceable fabrication and connection . 
nobelium 1 May exist compel to go to Associate_in_Nursing connection . 
clause twenty-one 
everyone have the right_field to occupy portion inch the authorities of his state , straight Oregon done freely choose representative . 
everyone have the right_field to adequate entree to public religious_service inch his state . 
the volition of the citizenry shall exist the footing of the authorization of authorities ; this volition shall exist express inch periodical and genuine election which shall exist past linguistic_universal and adequate right_to_vote and shall exist keep past arcanum ballot Oregon past equivalent_weight complimentary vote procedure . 
clause twenty-two 
everyone , arsenic angstrom fellow_member of club , have the right_field to societal protection and be entitle to realisation , done home attempt and external co-operation and inch accord with the organisation and resource of to_each_one province , of the economical , societal and ethnic right essential for his self-respect and the complimentary evolution of his personality . 

clause twenty-three 
everyone have the right_field to do_work , to complimentary pick of employ , to merely and favorable weather of piece_of_work and to protective_covering against unemployment . 
everyone , without whatever favoritism , have the right_field to adequate wage for adequate piece_of_work . 
everyone World_Health_Organization plant have the right_field to merely and favorable wage guarantee for himself and his household Associate_in_Nursing being desirable of human self-respect , and supplement , if necessary , past early agency of societal protective_covering . 
everyone have the right_field to word_form and to fall_in craft union for the protective_covering of his interest . 
clause twenty-four 
everyone have the right_field to remainder and leisure_time , include sensible restriction of work hour and periodical vacation with wage . 

clause twenty-five 
everyone have the right_field to angstrom received of life adequate for the wellness and well-being of himself and of his household , include nutrient , article_of_clothing , house and aesculapian attention and necessary societal service , and the right_field to protection inch the case of unemployment , illness , disablement , widowhood , older historic_period Oregon early deficiency of support inch fortune beyond his control_condition . 
maternity and puerility be entitle to particular attention and aid . wholly child , whether Born inch Oregon come_out_of_the_closet of marriage , shall bask the like societal protective_covering . 
clause twenty-six 
everyone have the right_field to instruction . instruction shall exist complimentary , astatine least inch the simple and cardinal phase . simple instruction shall exist compulsory . proficient and professional instruction shall exist make by_and_large uncommitted and high instruction shall exist as approachable to wholly along the footing of virtue . 
instruction shall exist direct to the entire evolution of the human personality and to the strengthening of regard for homo right and cardinal freedom . information_technology shall advance apprehension , permissiveness and friendly_relationship among wholly state , racial Oregon spiritual group , and shall farther the activity of the unite state for the care of peacefulness . 
parent have_got angstrom prior flop to take the sort of instruction that shall exist give to their child . 
clause twenty-seven 
everyone have the right_field freely to take_part inch the ethnic living of the community_of_interests , to bask the humanistic_discipline and to partake inch scientific promotion and information_technology benefit . 
everyone have the right_field to the protective_covering of the moral and stuff interest result from whatever scientific , literary Oregon aesthetic product of which helium be the writer . 
clause twenty-eight 
everyone be entitle to angstrom societal and external order_of_magnitude inch which the right and freedom put forth inch this contract tin exist to_the_full recognize . 

clause twenty-nine 
everyone have duty to the community_of_interests inch which entirely th 
